cpu-bind=MASK - rishon3, task  0  0 [4540]: mask 0x200000002 set
cpu-bind=MASK - rishon3, task  0  0 [4540]: mask 0x200000002 set
*** SLURM BATCH JOB 'test_job' STARTING ***
*** Activating environment cs236605-hw ***
File /home/natsala/.pytorch-datasets/lfw-bush.zip exists, skipping download.
Extracting /home/natsala/.pytorch-datasets/lfw-bush.zip...
Extracted 531 to /home/natsala/.pytorch-datasets/lfw/George_W_Bush
--- EPOCH 1/100 ---
  0%|          | 0/67 [00:00<?, ?it/s]THCudaCheck FAIL file=/opt/conda/conda-bld/pytorch_1535493744281/work/aten/src/THCUNN/generic/Threshold.cu line=34 error=11 : invalid argument

Traceback (most recent call last):
  File "runGan.py", line 28, in <module>
    h_dim=256, z_dim=128)
  File "/home/natsala/cs236605-hw3/hw3/experiments.py", line 265, in run_experiment_GAN
    x_data)
  File "/home/natsala/cs236605-hw3/hw3/gan.py", line 223, in train_batch
    x_fake = gen_model.sample(N, with_grad=False)
  File "/home/natsala/cs236605-hw3/hw3/gan.py", line 126, in sample
    samples = self.forward(z)
  File "/home/natsala/cs236605-hw3/hw3/gan.py", line 146, in forward
    x = self.generator(z)
  File "/home/natsala/miniconda3/envs/cs236605-hw/lib/python3.7/site-packages/torch/nn/modules/module.py", line 477, in __call__
    result = self.forward(*input, **kwargs)
  File "/home/natsala/cs236605-hw3/hw3/autoencoder.py", line 80, in forward
    return torch.tanh(self.cnn(h))
  File "/home/natsala/miniconda3/envs/cs236605-hw/lib/python3.7/site-packages/torch/nn/modules/module.py", line 477, in __call__
    result = self.forward(*input, **kwargs)
  File "/home/natsala/miniconda3/envs/cs236605-hw/lib/python3.7/site-packages/torch/nn/modules/container.py", line 91, in forward
    input = module(input)
  File "/home/natsala/miniconda3/envs/cs236605-hw/lib/python3.7/site-packages/torch/nn/modules/module.py", line 477, in __call__
    result = self.forward(*input, **kwargs)
  File "/home/natsala/miniconda3/envs/cs236605-hw/lib/python3.7/site-packages/torch/nn/modules/activation.py", line 46, in forward
    return F.threshold(input, self.threshold, self.value, self.inplace)
  File "/home/natsala/miniconda3/envs/cs236605-hw/lib/python3.7/site-packages/torch/nn/functional.py", line 625, in threshold
    return torch._C._nn.threshold(input, threshold, value)
RuntimeError: cuda runtime error (11) : invalid argument at /opt/conda/conda-bld/pytorch_1535493744281/work/aten/src/THCUNN/generic/Threshold.cu:34
*** SLURM BATCH JOB 'test_job' DONE ***
