cpu-bind=MASK - rishon3, task  0  0 [15572]: mask 0x100000001 set
cpu-bind=MASK - rishon3, task  0  0 [15572]: mask 0x100000001 set
*** SLURM BATCH JOB 'test_job' STARTING ***
*** Activating environment cs236605-hw ***
File /home/natsala/.pytorch-datasets/lfw-bush.zip exists, skipping download.
Extracting /home/natsala/.pytorch-datasets/lfw-bush.zip...
Extracted 531 to /home/natsala/.pytorch-datasets/lfw/George_W_Bush
--- EPOCH 1/100 ---
  0%|          | 0/67 [00:00<?, ?it/s]THCudaCheck FAIL file=/opt/conda/conda-bld/pytorch_1535493744281/work/aten/src/THC/THCGeneral.cpp line=663 error=11 : invalid argument

Traceback (most recent call last):
  File "runGan.py", line 29, in <module>
    h_dim=256, z_dim=128)
  File "/home/natsala/cs236605-hw3/hw3/experiments.py", line 279, in run_experiment_GAN
    x_data)
  File "/home/natsala/cs236605-hw3/hw3/gan.py", line 158, in train_batch
    x_generated = gen_model.sample(x_data.shape[0])
  File "/home/natsala/cs236605-hw3/hw3/gan.py", line 76, in sample
    samples = self(z)
  File "/home/natsala/miniconda3/envs/cs236605-hw/lib/python3.7/site-packages/torch/nn/modules/module.py", line 477, in __call__
    result = self.forward(*input, **kwargs)
  File "/home/natsala/cs236605-hw3/hw3/gan.py", line 90, in forward
    x = self.decoder(h)
  File "/home/natsala/miniconda3/envs/cs236605-hw/lib/python3.7/site-packages/torch/nn/modules/module.py", line 477, in __call__
    result = self.forward(*input, **kwargs)
  File "/home/natsala/cs236605-hw3/hw3/autoencoder.py", line 67, in forward
    return torch.tanh(self.cnn(h))
  File "/home/natsala/miniconda3/envs/cs236605-hw/lib/python3.7/site-packages/torch/nn/modules/module.py", line 477, in __call__
    result = self.forward(*input, **kwargs)
  File "/home/natsala/miniconda3/envs/cs236605-hw/lib/python3.7/site-packages/torch/nn/modules/container.py", line 91, in forward
    input = module(input)
  File "/home/natsala/miniconda3/envs/cs236605-hw/lib/python3.7/site-packages/torch/nn/modules/module.py", line 477, in __call__
    result = self.forward(*input, **kwargs)
  File "/home/natsala/miniconda3/envs/cs236605-hw/lib/python3.7/site-packages/torch/nn/modules/batchnorm.py", line 66, in forward
    exponential_average_factor, self.eps)
  File "/home/natsala/miniconda3/envs/cs236605-hw/lib/python3.7/site-packages/torch/nn/functional.py", line 1254, in batch_norm
    training, momentum, eps, torch.backends.cudnn.enabled
RuntimeError: running_mean should contain 512 elements not 256
*** SLURM BATCH JOB 'test_job' DONE ***
